<?xml version="1.0" encoding="UTF-8"?>
<testng-results ignored="0" total="1" passed="1" failed="0" skipped="0">
  <reporter-output>
  </reporter-output>
  <suite started-at="2021-11-30T16:54:17 EST" name="Default suite" finished-at="2021-11-30T16:54:17 EST" duration-ms="38">
    <groups>
    </groups>
    <test started-at="2021-11-30T16:54:17 EST" name="Default test" finished-at="2021-11-30T16:54:17 EST" duration-ms="38">
      <class name="com.java.TestNg.TestNG_First">
        <test-method is-config="true" signature="beforesuite()[pri:0, instance:com.java.TestNg.TestNG_First@2ddc9a9f]" started-at="2021-11-30T16:54:17 EST" name="beforesuite" finished-at="2021-11-30T16:54:17 EST" duration-ms="7" status="PASS">
          <reporter-output>
          </reporter-output>
        </test-method> <!-- beforesuite -->
        <test-method is-config="true" signature="beforeTest()[pri:0, instance:com.java.TestNg.TestNG_First@2ddc9a9f]" started-at="2021-11-30T16:54:17 EST" name="beforeTest" finished-at="2021-11-30T16:54:17 EST" duration-ms="0" status="PASS">
          <reporter-output>
          </reporter-output>
        </test-method> <!-- beforeTest -->
        <test-method is-config="true" signature="beforeClass()[pri:0, instance:com.java.TestNg.TestNG_First@2ddc9a9f]" started-at="2021-11-30T16:54:17 EST" name="beforeClass" finished-at="2021-11-30T16:54:17 EST" duration-ms="0" status="PASS">
          <reporter-output>
          </reporter-output>
        </test-method> <!-- beforeClass -->
        <test-method is-config="true" signature="beforeMethod()[pri:0, instance:com.java.TestNg.TestNG_First@2ddc9a9f]" started-at="2021-11-30T16:54:17 EST" name="beforeMethod" finished-at="2021-11-30T16:54:17 EST" duration-ms="0" status="PASS">
          <reporter-output>
          </reporter-output>
        </test-method> <!-- beforeMethod -->
        <test-method signature="RegistrationTest()[pri:0, instance:com.java.TestNg.TestNG_First@2ddc9a9f]" started-at="2021-11-30T16:54:17 EST" name="RegistrationTest" finished-at="2021-11-30T16:54:17 EST" duration-ms="4" status="PASS">
          <reporter-output>
          </reporter-output>
        </test-method> <!-- RegistrationTest -->
        <test-method is-config="true" signature="AfterMethod()[pri:0, instance:com.java.TestNg.TestNG_First@2ddc9a9f]" started-at="2021-11-30T16:54:17 EST" name="AfterMethod" finished-at="2021-11-30T16:54:17 EST" duration-ms="1" status="PASS">
          <reporter-output>
          </reporter-output>
        </test-method> <!-- AfterMethod -->
        <test-method is-config="true" signature="AfterClass()[pri:0, instance:com.java.TestNg.TestNG_First@2ddc9a9f]" started-at="2021-11-30T16:54:17 EST" name="AfterClass" finished-at="2021-11-30T16:54:17 EST" duration-ms="0" status="PASS">
          <reporter-output>
          </reporter-output>
        </test-method> <!-- AfterClass -->
        <test-method is-config="true" signature="AterTest()[pri:0, instance:com.java.TestNg.TestNG_First@2ddc9a9f]" started-at="2021-11-30T16:54:17 EST" name="AterTest" finished-at="2021-11-30T16:54:17 EST" duration-ms="0" status="PASS">
          <reporter-output>
          </reporter-output>
        </test-method> <!-- AterTest -->
        <test-method is-config="true" signature="AfterSuite()[pri:0, instance:com.java.TestNg.TestNG_First@2ddc9a9f]" started-at="2021-11-30T16:54:17 EST" name="AfterSuite" finished-at="2021-11-30T16:54:17 EST" duration-ms="1" status="PASS">
          <reporter-output>
          </reporter-output>
        </test-method> <!-- AfterSuite -->
      </class> <!-- com.java.TestNg.TestNG_First -->
    </test> <!-- Default test -->
  </suite> <!-- Default suite -->
</testng-results>
